<?xml version="1.0" encoding="UTF-8"?>
<!-- Generated by org.testng.reporters.JUnitXMLReporter -->
<testsuite ignored="0" hostname="LAPTOP-6OA0N52K" failures="0" tests="2" name="ErrorValidationsTest" time="32.734" errors="0" timestamp="2026-08-11T13:32:40 IST">
  <testcase classname="SupriyaShinde.Tests.ErrorValidationsTest" name="loginErrorValidation" time="0.776"/>
  <testcase classname="SupriyaShinde.Tests.ErrorValidationsTest" name="productErrorValidation" time="23.714"/>
</testsuite> <!-- ErrorValidationsTest -->
