<?xml version="1.0" encoding="UTF-8"?>
<!-- Generated by org.testng.reporters.JUnitXMLReporter -->
<testsuite ignored="0" hostname="LAPTOP-6OA0N52K" failures="0" tests="3" name="SubmitOrderTest" time="30.344" errors="0" timestamp="2026-08-11T13:32:38 IST">
  <testcase classname="SupriyaShinde.Tests.SubmitOrderTest" name="submitOrder" time="15.158"/>
  <testcase classname="SupriyaShinde.Tests.SubmitOrderTest" name="submitOrder" time="3.195"/>
  <testcase classname="SupriyaShinde.Tests.SubmitOrderTest" name="orderHistoryTest" time="0.779"/>
</testsuite> <!-- SubmitOrderTest -->
