<?xml version="1.0" encoding="UTF-8"?>
<!-- Generated by org.testng.reporters.JUnitReportReporter -->
<testsuite hostname="LAPTOP-6OA0N52K" failures="0" tests="2" name="SupriyaShinde.Tests.ErrorValidationsTest" time="32.678" errors="0" timestamp="2026-08-11T13:32:40 IST" skipped="0">
  <testcase classname="SupriyaShinde.Tests.ErrorValidationsTest" name="loginErrorValidation" time="5.431"/>
  <testcase classname="SupriyaShinde.Tests.ErrorValidationsTest" name="productErrorValidation" time="27.247"/>
</testsuite> <!-- SupriyaShinde.Tests.ErrorValidationsTest -->
