<?xml version="1.0" encoding="UTF-8"?>
<!-- Generated by org.testng.reporters.JUnitReportReporter -->
<testsuite hostname="LAPTOP-6OA0N52K" failures="0" tests="3" name="SupriyaShinde.Tests.SubmitOrderTest" time="30.132" errors="0" timestamp="2026-08-11T13:32:40 IST" skipped="0">
  <testcase classname="SupriyaShinde.Tests.SubmitOrderTest" name="orderHistoryTest" time="4.480"/>
  <testcase classname="SupriyaShinde.Tests.SubmitOrderTest" name="submitOrder" time="20.342"/>
  <testcase classname="SupriyaShinde.Tests.SubmitOrderTest" name="submitOrder" time="5.310"/>
</testsuite> <!-- SupriyaShinde.Tests.SubmitOrderTest -->
